           :-) GROMACS - gmx mdrun, 2023.3-Ubuntu_2023.3_1ubuntu3 (-:

Copyright 1991-2023 The GROMACS Authors.
GROMACS is free software; you can redistribute it and/or modify it
under the terms of the GNU Lesser General Public License
as published by the Free Software Foundation; either version 2.1
of the License, or (at your option) any later version.

                         Current GROMACS contributors:
       Mark Abraham           Andrey Alekseenko           Cathrine Bergh      
      Christian Blau            Eliane Briand             Mahesh Doijade      
    Stefan Fleischmann           Vytas Gapsys              Gaurav Garg        
      Sergey Gorelov         Gilles Gouaillardet            Alan Gray         
     M. Eric Irrgang         Farzaneh Jalalypour            Joe Jordan        
    Christoph Junghans        Prashanth Kanduri          Sebastian Keller     
     Carsten Kutzner           Justin A. Lemkul          Magnus Lundborg      
       Pascal Merz              Vedran Miletic            Dmitry Morozov      
       Szilard Pall             Roland Schulz             Michael Shirts      
     Alexey Shvetsov            Balint Soproni         David van der Spoel    
      Philip Turner             Carsten Uphoff           Alessandra Villa     
 Sebastian Wingbermuehle        Artem Zhmurov       

                         Previous GROMACS contributors:
        Emile Apol             Rossen Apostolov           James Barnett       
  Herman J.C. Berendsen          Par Bjelkmar           Viacheslav Bolnykh    
        Kevin Boyd            Aldert van Buuren          Carlo Camilloni      
     Rudi van Drunen            Anton Feenstra           Oliver Fleetwood     
     Gerrit Groenhof            Bert de Groot             Anca Hamuraru       
    Vincent Hindriksen          Victor Holanda           Aleksei Iupinov      
   Dimitrios Karkoulis           Peter Kasson             Sebastian Kehl      
        Jiri Kraus               Per Larsson              Viveca Lindahl      
      Erik Marklund           Pieter Meulenhoff           Teemu Murtola       
       Sander Pronk             Alfons Sijbers            Peter Tieleman      
       Jon Vincent             Teemu Virolainen         Christian Wennberg    
       Maarten Wolf       

                  Coordinated by the GROMACS project leaders:
                    Paul Bauer, Berk Hess, and Erik Lindahl

GROMACS:      gmx mdrun, version 2023.3-Ubuntu_2023.3_1ubuntu3
Executable:   /usr/bin/gmx
Data prefix:  /usr
Working dir:  /mnt/c/Users/piyus/OneDrive/Desktop/GMX-AKR1B1-PGCA
Process ID:   2308
Command line:
  gmx mdrun -deffnm nvt -v

GROMACS version:    2023.3-Ubuntu_2023.3_1ubuntu3
Precision:          mixed
Memory model:       64 bit
MPI library:        thread_mpi
OpenMP support:     enabled (GMX_OPENMP_MAX_THREADS = 128)
GPU support:        disabled
SIMD instructions:  SSE4.1
CPU FFT library:    fftw-3.3.10-sse2-avx
GPU FFT library:    none
Multi-GPU FFT:      none
RDTSCP usage:       enabled
TNG support:        enabled
Hwloc support:      hwloc-2.8.0
Tracing support:    disabled
C compiler:         /usr/bin/cc GNU 13.2.0
C compiler flags:   -fexcess-precision=fast -funroll-all-loops -msse4.1 -Wno-missing-field-initializers -O3 -DNDEBUG
C++ compiler:       /usr/bin/c++ GNU 13.2.0
C++ compiler flags: -fexcess-precision=fast -funroll-all-loops -msse4.1 -Wno-missing-field-initializers -Wno-cast-function-type-strict SHELL:-fopenmp -O3 -DNDEBUG
BLAS library:       External - detected on the system
LAPACK library:     External - detected on the system


Running on 1 node with total 4 cores, 8 processing units
Hardware detected on host Convergence:
  CPU info:
    Vendor: Intel
    Brand:  11th Gen Intel(R) Core(TM) i5-11300H @ 3.10GHz
    Family: 6   Model: 140   Stepping: 1
    Features: aes apic avx avx2 avx512f avx512cd avx512bw avx512vl avx512secondFMA clfsh cmov cx8 cx16 f16c fma htt intel lahf mmx msr nonstop_tsc pcid pclmuldq pdcm pdpe1gb popcnt pse rdrnd rdtscp sha sse2 sse3 sse4.1 sse4.2 ssse3 tdt x2apic
    Number of AVX-512 FMA units: Cannot run AVX-512 detection - assuming 2
  Hardware topology: Full, with devices
    Packages, cores, and logical processors:
    [indices refer to OS logical processors]
      Package  0: [   0   1] [   2   3] [   4   5] [   6   7]
    CPU limit set by OS: -1   Recommended max number of threads: 8
    Numa nodes:
      Node  0 (8212676608 bytes mem):   0   1   2   3   4   5   6   7
      Latency:
               0
         0  1.00
    Caches:
      L1: 49152 bytes, linesize 64 bytes, assoc. 12, shared 2 ways
      L2: 1310720 bytes, linesize 64 bytes, assoc. 20, shared 2 ways
      L3: 8388608 bytes, linesize 64 bytes, assoc. 8, shared 8 ways
    PCI devices:
      26c3:00:00.0  Id: 1414:008e  Class: 0x0302  Numa: 0
      3049:00:00.0  Id: 1414:008e  Class: 0x0302  Numa: 0
      5582:00:00.0  Id: 1af4:1043  Class: 0x0100  Numa: 0

Likely fastest SIMD instructions supported by all nodes: AVX_512
SIMD instructions selected at compile time:              SSE4.1


++++ PLEASE READ AND CITE THE FOLLOWING REFERENCE ++++
M. J. Abraham, T. Murtola, R. Schulz, S. Páll, J. C. Smith, B. Hess, E.
Lindahl
GROMACS: High performance molecular simulations through multi-level
parallelism from laptops to supercomputers
SoftwareX 1 (2015) pp. 19-25
-------- -------- --- Thank You --- -------- --------


++++ PLEASE READ AND CITE THE FOLLOWING REFERENCE ++++
S. Páll, M. J. Abraham, C. Kutzner, B. Hess, E. Lindahl
Tackling Exascale Software Challenges in Molecular Dynamics Simulations with
GROMACS
In S. Markidis & E. Laure (Eds.), Solving Software Challenges for Exascale 8759 (2015) pp. 3-27
-------- -------- --- Thank You --- -------- --------


++++ PLEASE READ AND CITE THE FOLLOWING REFERENCE ++++
S. Pronk, S. Páll, R. Schulz, P. Larsson, P. Bjelkmar, R. Apostolov, M. R.
Shirts, J. C. Smith, P. M. Kasson, D. van der Spoel, B. Hess, and E. Lindahl
GROMACS 4.5: a high-throughput and highly parallel open source molecular
simulation toolkit
Bioinformatics 29 (2013) pp. 845-54
-------- -------- --- Thank You --- -------- --------


++++ PLEASE READ AND CITE THE FOLLOWING REFERENCE ++++
B. Hess and C. Kutzner and D. van der Spoel and E. Lindahl
GROMACS 4: Algorithms for highly efficient, load-balanced, and scalable
molecular simulation
J. Chem. Theory Comput. 4 (2008) pp. 435-447
-------- -------- --- Thank You --- -------- --------


++++ PLEASE READ AND CITE THE FOLLOWING REFERENCE ++++
D. van der Spoel, E. Lindahl, B. Hess, G. Groenhof, A. E. Mark and H. J. C.
Berendsen
GROMACS: Fast, Flexible and Free
J. Comp. Chem. 26 (2005) pp. 1701-1719
-------- -------- --- Thank You --- -------- --------


++++ PLEASE READ AND CITE THE FOLLOWING REFERENCE ++++
E. Lindahl and B. Hess and D. van der Spoel
GROMACS 3.0: A package for molecular simulation and trajectory analysis
J. Mol. Mod. 7 (2001) pp. 306-317
-------- -------- --- Thank You --- -------- --------


++++ PLEASE READ AND CITE THE FOLLOWING REFERENCE ++++
H. J. C. Berendsen, D. van der Spoel and R. van Drunen
GROMACS: A message-passing parallel molecular dynamics implementation
Comp. Phys. Comm. 91 (1995) pp. 43-56
-------- -------- --- Thank You --- -------- --------

Input Parameters:
   integrator                     = md
   tinit                          = 0
   dt                             = 0.002
   nsteps                         = 50000
   init-step                      = 0
   simulation-part                = 1
   mts                            = false
   comm-mode                      = Linear
   nstcomm                        = 100
   bd-fric                        = 0
   ld-seed                        = 1669323514
   emtol                          = 10
   emstep                         = 0.01
   niter                          = 20
   fcstep                         = 0
   nstcgsteep                     = 1000
   nbfgscorr                      = 10
   rtpi                           = 0.05
   nstxout                        = 0
   nstvout                        = 0
   nstfout                        = 0
   nstlog                         = 500
   nstcalcenergy                  = 100
   nstenergy                      = 500
   nstxout-compressed             = 500
   compressed-x-precision         = 1000
   cutoff-scheme                  = Verlet
   nstlist                        = 20
   pbc                            = xyz
   periodic-molecules             = false
   verlet-buffer-tolerance        = 0.005
   rlist                          = 1.219
   coulombtype                    = PME
   coulomb-modifier               = Potential-shift
   rcoulomb-switch                = 0
   rcoulomb                       = 1.2
   epsilon-r                      = 1
   epsilon-rf                     = inf
   vdw-type                       = Cut-off
   vdw-modifier                   = Force-switch
   rvdw-switch                    = 1
   rvdw                           = 1.2
   DispCorr                       = No
   table-extension                = 1
   fourierspacing                 = 0.16
   fourier-nx                     = 52
   fourier-ny                     = 52
   fourier-nz                     = 52
   pme-order                      = 4
   ewald-rtol                     = 1e-05
   ewald-rtol-lj                  = 0.001
   lj-pme-comb-rule               = Geometric
   ewald-geometry                 = 3d
   epsilon-surface                = 0
   ensemble-temperature-setting   = constant
   ensemble-temperature           = 298
   tcoupl                         = V-rescale
   nsttcouple                     = 100
   nh-chain-length                = 0
   print-nose-hoover-chain-variables = false
   pcoupl                         = No
   pcoupltype                     = Isotropic
   nstpcouple                     = -1
   tau-p                          = 1
   compressibility (3x3):
      compressibility[    0]={ 0.00000e+00,  0.00000e+00,  0.00000e+00}
      compressibility[    1]={ 0.00000e+00,  0.00000e+00,  0.00000e+00}
      compressibility[    2]={ 0.00000e+00,  0.00000e+00,  0.00000e+00}
   ref-p (3x3):
      ref-p[    0]={ 0.00000e+00,  0.00000e+00,  0.00000e+00}
      ref-p[    1]={ 0.00000e+00,  0.00000e+00,  0.00000e+00}
      ref-p[    2]={ 0.00000e+00,  0.00000e+00,  0.00000e+00}
   refcoord-scaling               = No
   posres-com (3):
      posres-com[0]= 0.00000e+00
      posres-com[1]= 0.00000e+00
      posres-com[2]= 0.00000e+00
   posres-comB (3):
      posres-comB[0]= 0.00000e+00
      posres-comB[1]= 0.00000e+00
      posres-comB[2]= 0.00000e+00
   QMMM                           = false
qm-opts:
   ngQM                           = 0
   constraint-algorithm           = Lincs
   continuation                   = false
   Shake-SOR                      = false
   shake-tol                      = 0.0001
   lincs-order                    = 4
   lincs-iter                     = 1
   lincs-warnangle                = 30
   nwall                          = 0
   wall-type                      = 9-3
   wall-r-linpot                  = -1
   wall-atomtype[0]               = -1
   wall-atomtype[1]               = -1
   wall-density[0]                = 0
   wall-density[1]                = 0
   wall-ewald-zfac                = 3
   pull                           = false
   awh                            = false
   rotation                       = false
   interactiveMD                  = false
   disre                          = No
   disre-weighting                = Conservative
   disre-mixed                    = false
   dr-fc                          = 1000
   dr-tau                         = 0
   nstdisreout                    = 100
   orire-fc                       = 0
   orire-tau                      = 0
   nstorireout                    = 100
   free-energy                    = no
   cos-acceleration               = 0
   deform (3x3):
      deform[    0]={ 0.00000e+00,  0.00000e+00,  0.00000e+00}
      deform[    1]={ 0.00000e+00,  0.00000e+00,  0.00000e+00}
      deform[    2]={ 0.00000e+00,  0.00000e+00,  0.00000e+00}
   simulated-tempering            = false
   swapcoords                     = no
   userint1                       = 0
   userint2                       = 0
   userint3                       = 0
   userint4                       = 0
   userreal1                      = 0
   userreal2                      = 0
   userreal3                      = 0
   userreal4                      = 0
   applied-forces:
     electric-field:
       x:
         E0                       = 0
         omega                    = 0
         t0                       = 0
         sigma                    = 0
       y:
         E0                       = 0
         omega                    = 0
         t0                       = 0
         sigma                    = 0
       z:
         E0                       = 0
         omega                    = 0
         t0                       = 0
         sigma                    = 0
     density-guided-simulation:
       active                     = false
       group                      = protein
       similarity-measure         = inner-product
       atom-spreading-weight      = unity
       force-constant             = 1e+09
       gaussian-transform-spreading-width = 0.2
       gaussian-transform-spreading-range-in-multiples-of-width = 4
       reference-density-filename = reference.mrc
       nst                        = 1
       normalize-densities        = true
       adaptive-force-scaling     = false
       adaptive-force-scaling-time-constant = 4
       shift-vector               = 
       transformation-matrix      = 
     qmmm-cp2k:
       active                     = false
       qmgroup                    = System
       qmmethod                   = PBE
       qmfilenames                = 
       qmcharge                   = 0
       qmmultiplicity             = 1
grpopts:
   nrdf:       74990
   ref-t:         298
   tau-t:           1
annealing:          No
annealing-npoints:           0
   acc:	           0           0           0
   nfreeze:           N           N           N
   energygrp-flags[  0]: 0

Changing nstlist from 20 to 80, rlist from 1.219 to 1.314

Update groups can not be used for this system because atoms that are (in)directly constrained together are interdispersed with other atoms

Initializing Domain Decomposition on 1 ranks
Dynamic load balancing: auto
Minimum cell size due to atom displacement: 0.644 nm
Initial maximum distances in bonded interactions:
    two-body bonded interactions: 0.422 nm, LJ-14, atoms 191 199
  multi-body bonded interactions: 0.486 nm, CMAP Dih., atoms 2968 2987
Minimum cell size due to bonded interactions: 0.535 nm
Maximum distance for 5 constraints, at 120 deg. angles, all-trans: 0.222 nm
Estimated maximum distance required for P-LINCS: 0.222 nm
Using 0 separate PME ranks because: there are too few total ranks for efficient splitting
Optimizing the DD grid for 1 cells with a minimum initial size of 0.644 nm
The maximum allowed number of cells is: X 10 Y 10 Z 8
Domain decomposition grid 1 x 1 x 1, separate PME ranks 0
PME domain decomposition: 1 x 1 x 1

The initial number of communication pulses is:
The initial domain decomposition cell size is:

The maximum allowed distance for atoms involved in interactions is:
                 non-bonded interactions           1.314 nm
            two-body bonded interactions  (-rdd)   1.314 nm
          multi-body bonded interactions  (-rdd)   1.314 nm
  atoms separated by up to 5 constraints  (-rcon)  5.657 nm

When dynamic load balancing gets turned on, these settings will change to:
The maximum number of communication pulses is:
The minimum size for domain decomposition cells is 1.314 nm
The requested allowed shrink of DD cells (option -dds) is: 0.80
The allowed shrink of domain decomposition cells is:
The maximum allowed distance for atoms involved in interactions is:
                 non-bonded interactions           1.314 nm
            two-body bonded interactions  (-rdd)   1.314 nm
          multi-body bonded interactions  (-rdd)   1.314 nm
  atoms separated by up to 5 constraints  (-rcon)  1.314 nm

Using 1 MPI thread
Using 8 OpenMP threads 

System total charge: 0.000
Will do PME sum in reciprocal space for electrostatic interactions.

++++ PLEASE READ AND CITE THE FOLLOWING REFERENCE ++++
U. Essmann, L. Perera, M. L. Berkowitz, T. Darden, H. Lee and L. G. Pedersen 
A smooth particle mesh Ewald method
J. Chem. Phys. 103 (1995) pp. 8577-8592
-------- -------- --- Thank You --- -------- --------

Using a Gaussian width (1/beta) of 0.384195 nm for Ewald
Potential shift: LJ r^-12: -2.648e-01 r^-6: -5.349e-01, Ewald -8.333e-06
Initialized non-bonded Coulomb Ewald tables, spacing: 1.02e-03 size: 1176

Generated table with 1157 data points for 1-4 COUL.
Tabscale = 500 points/nm
Generated table with 1157 data points for 1-4 LJ6.
Tabscale = 500 points/nm
Generated table with 1157 data points for 1-4 LJ12.
Tabscale = 500 points/nm


Using SIMD 4x4 nonbonded short-range kernels

Using a dual 4x4 pair-list setup updated with dynamic pruning:
  outer list: updated every 80 steps, buffer 0.114 nm, rlist 1.314 nm
  inner list: updated every 14 steps, buffer 0.002 nm, rlist 1.202 nm
At tolerance 0.005 kJ/mol/ps per atom, equivalent classical 1x1 list would be:
  outer list: updated every 80 steps, buffer 0.259 nm, rlist 1.459 nm
  inner list: updated every 14 steps, buffer 0.055 nm, rlist 1.255 nm

The non-bonded pair calculation algorithm tolerates a few missing pair interactions close to the cut-off. This can lead to a systematic overestimation of the pressure due to missing LJ interactions. The error in the average pressure due to missing LJ interactions is at most 0.30 bar.
The pressure error can be controlled by setting the environment variable GMX_VERLET_BUFFER_PRESSURE_TOLERANCE to the allowed error in units of bar.
Removing pbc first time

Linking all bonded interactions to atoms


Pinning threads with an auto-selected logical cpu stride of 1

Initializing Parallel LINear Constraint Solver

++++ PLEASE READ AND CITE THE FOLLOWING REFERENCE ++++
B. Hess
P-LINCS: A Parallel Linear Constraint Solver for molecular simulation
J. Chem. Theory Comput. 4 (2008) pp. 116-122
-------- -------- --- Thank You --- -------- --------

The number of constraints is 2548
There are constraints between atoms in different decomposition domains,
will communicate selected coordinates each lincs iteration

++++ PLEASE READ AND CITE THE FOLLOWING REFERENCE ++++
S. Miyamoto and P. A. Kollman
SETTLE: An Analytical Version of the SHAKE and RATTLE Algorithms for Rigid
Water Models
J. Comp. Chem. 13 (1992) pp. 952-962
-------- -------- --- Thank You --- -------- --------


++++ PLEASE READ AND CITE THE FOLLOWING REFERENCE ++++
G. Bussi, D. Donadio and M. Parrinello
Canonical sampling through velocity rescaling
J. Chem. Phys. 126 (2007) pp. 014101
-------- -------- --- Thank You --- -------- --------

There are: 36227 Atoms
Atom distribution over 1 domains: av 36227 stddev 0 min 36227 max 36227

Constraining the starting coordinates (step 0)

Constraining the coordinates at t0-dt (step 0)
Center of mass motion removal mode is Linear
We have the following groups for center of mass motion removal:
  0:  rest
RMS relative constraint deviation after constraining: 2.93e-06
Initial temperature: 297.978 K

Started mdrun on rank 0 Sat May  2 04:14:58 2026

           Step           Time
              0        0.00000

   Energies (kJ/mol)
           Bond            U-B    Proper Dih.  Improper Dih.      CMAP Dih.
    1.18232e+03    4.08294e+03    1.22774e+04    1.74143e+02   -5.74886e+02
          LJ-14     Coulomb-14        LJ (SR)   Coulomb (SR)   Coul. recip.
    3.51560e+03    6.13296e+04    3.93125e+04   -6.48265e+05    1.93782e+03
 Position Rest.      Potential    Kinetic En.   Total Energy  Conserved En.
    1.00801e-02   -5.25028e+05    9.29167e+04   -4.32111e+05   -4.32111e+05
    Temperature Pressure (bar)   Constr. rmsd
    2.98048e+02   -3.63547e+03    2.90419e-06

           Step           Time
            500        1.00000

   Energies (kJ/mol)
           Bond            U-B    Proper Dih.  Improper Dih.      CMAP Dih.
    3.21685e+03    9.18561e+03    1.29586e+04    5.13162e+02   -3.99448e+02
          LJ-14     Coulomb-14        LJ (SR)   Coulomb (SR)   Coul. recip.
    3.79111e+03    6.10923e+04    4.40217e+04   -6.15906e+05    1.63743e+03
 Position Rest.      Potential    Kinetic En.   Total Energy  Conserved En.
    1.16703e+03   -4.78721e+05    6.97918e+04   -4.08930e+05   -4.31013e+05
    Temperature Pressure (bar)   Constr. rmsd
    2.23870e+02   -1.11603e+03    2.36552e-06

           Step           Time
           1000        2.00000

   Energies (kJ/mol)
           Bond            U-B    Proper Dih.  Improper Dih.      CMAP Dih.
    3.66371e+03    1.00163e+04    1.32082e+04    5.59968e+02   -4.12357e+02
          LJ-14     Coulomb-14        LJ (SR)   Coulomb (SR)   Coul. recip.
    3.76862e+03    6.09850e+04    4.24319e+04   -6.05485e+05    1.65561e+03
 Position Rest.      Potential    Kinetic En.   Total Energy  Conserved En.
    1.13213e+03   -4.68476e+05    7.79146e+04   -3.90561e+05   -4.30995e+05
    Temperature Pressure (bar)   Constr. rmsd
    2.49926e+02   -9.35482e+02    2.47172e-06

           Step           Time
           1500        3.00000

   Energies (kJ/mol)
           Bond            U-B    Proper Dih.  Improper Dih.      CMAP Dih.
    3.61607e+03    1.04859e+04    1.31805e+04    5.84031e+02   -4.37461e+02
          LJ-14     Coulomb-14        LJ (SR)   Coulomb (SR)   Coul. recip.
    3.86885e+03    6.11808e+04    4.04861e+04   -5.98005e+05    1.69924e+03
 Position Rest.      Potential    Kinetic En.   Total Energy  Conserved En.
    1.15392e+03   -4.62187e+05    8.27302e+04   -3.79457e+05   -4.31022e+05
    Temperature Pressure (bar)   Constr. rmsd
    2.65373e+02   -7.29078e+02    2.52301e-06

           Step           Time
           2000        4.00000

   Energies (kJ/mol)
           Bond            U-B    Proper Dih.  Improper Dih.      CMAP Dih.
    3.86005e+03    1.09255e+04    1.32930e+04    6.47244e+02   -4.18268e+02
          LJ-14     Coulomb-14        LJ (SR)   Coulomb (SR)   Coul. recip.
    3.84031e+03    6.09401e+04    3.81142e+04   -5.90767e+05    1.74845e+03
 Position Rest.      Potential    Kinetic En.   Total Energy  Conserved En.
    1.17999e+03   -4.56637e+05    8.51756e+04   -3.71461e+05   -4.31029e+05
    Temperature Pressure (bar)   Constr. rmsd
    2.73217e+02   -8.02118e+02    2.79485e-06

           Step           Time
           2500        5.00000

   Energies (kJ/mol)
           Bond            U-B    Proper Dih.  Improper Dih.      CMAP Dih.
    3.75873e+03    1.12480e+04    1.33464e+04    6.08719e+02   -4.41615e+02
          LJ-14     Coulomb-14        LJ (SR)   Coulomb (SR)   Coul. recip.
    3.94261e+03    6.11304e+04    3.78330e+04   -5.87686e+05    1.70126e+03
 Position Rest.      Potential    Kinetic En.   Total Energy  Conserved En.
    1.17155e+03   -4.53387e+05    8.76706e+04   -3.65716e+05   -4.31033e+05
    Temperature Pressure (bar)   Constr. rmsd
    2.81220e+02   -7.00920e+02    2.75687e-06

           Step           Time
           3000        6.00000

   Energies (kJ/mol)
           Bond            U-B    Proper Dih.  Improper Dih.      CMAP Dih.
    3.86704e+03    1.14714e+04    1.34293e+04    7.05542e+02   -3.25729e+02
          LJ-14     Coulomb-14        LJ (SR)   Coulomb (SR)   Coul. recip.
    3.94562e+03    6.12244e+04    3.72390e+04   -5.84093e+05    1.78985e+03
 Position Rest.      Potential    Kinetic En.   Total Energy  Conserved En.
    1.23058e+03   -4.49516e+05    8.88725e+04   -3.60643e+05   -4.30989e+05
    Temperature Pressure (bar)   Constr. rmsd
    2.85075e+02   -7.05457e+02    2.76631e-06

           Step           Time
           3500        7.00000

   Energies (kJ/mol)
           Bond            U-B    Proper Dih.  Improper Dih.      CMAP Dih.
    4.01818e+03    1.15193e+04    1.34536e+04    6.46091e+02   -4.63619e+02
          LJ-14     Coulomb-14        LJ (SR)   Coulomb (SR)   Coul. recip.
    3.94204e+03    6.09767e+04    3.57529e+04   -5.80862e+05    1.84905e+03
 Position Rest.      Potential    Kinetic En.   Total Energy  Conserved En.
    1.14752e+03   -4.48020e+05    8.95036e+04   -3.58517e+05   -4.31023e+05
    Temperature Pressure (bar)   Constr. rmsd
    2.87100e+02   -8.87961e+02    3.04873e-06

           Step           Time
           4000        8.00000

   Energies (kJ/mol)
           Bond            U-B    Proper Dih.  Improper Dih.      CMAP Dih.
    4.06478e+03    1.17319e+04    1.34968e+04    7.54801e+02   -4.05376e+02
          LJ-14     Coulomb-14        LJ (SR)   Coulomb (SR)   Coul. recip.
    3.94368e+03    6.09072e+04    3.64868e+04   -5.80985e+05    1.78226e+03
 Position Rest.      Potential    Kinetic En.   Total Energy  Conserved En.
    1.15860e+03   -4.47063e+05    9.05607e+04   -3.56503e+05   -4.30996e+05
    Temperature Pressure (bar)   Constr. rmsd
    2.90491e+02   -5.37136e+02    2.97986e-06

           Step           Time
           4500        9.00000

   Energies (kJ/mol)
           Bond            U-B    Proper Dih.  Improper Dih.      CMAP Dih.
    4.10365e+03    1.20306e+04    1.33772e+04    7.00328e+02   -3.59301e+02
          LJ-14     Coulomb-14        LJ (SR)   Coulomb (SR)   Coul. recip.
    3.90186e+03    6.11061e+04    3.66342e+04   -5.79937e+05    1.84483e+03
 Position Rest.      Potential    Kinetic En.   Total Energy  Conserved En.
    1.14085e+03   -4.45456e+05    9.05816e+04   -3.54875e+05   -4.30984e+05
    Temperature Pressure (bar)   Constr. rmsd
    2.90558e+02   -6.93454e+02    2.96116e-06

           Step           Time
           5000       10.00000

   Energies (kJ/mol)
           Bond            U-B    Proper Dih.  Improper Dih.      CMAP Dih.
    4.04480e+03    1.19619e+04    1.34023e+04    6.36656e+02   -3.88393e+02
          LJ-14     Coulomb-14        LJ (SR)   Coulomb (SR)   Coul. recip.
    3.89892e+03    6.10552e+04    3.71683e+04   -5.80288e+05    1.80801e+03
 Position Rest.      Potential    Kinetic En.   Total Energy  Conserved En.
    1.15187e+03   -4.45548e+05    9.20894e+04   -3.53459e+05   -4.31003e+05
    Temperature Pressure (bar)   Constr. rmsd
    2.95394e+02   -1.25616e+02    3.14081e-06

           Step           Time
           5500       11.00000

   Energies (kJ/mol)
           Bond            U-B    Proper Dih.  Improper Dih.      CMAP Dih.
    4.07885e+03    1.18968e+04    1.32916e+04    6.81536e+02   -3.80157e+02
          LJ-14     Coulomb-14        LJ (SR)   Coulomb (SR)   Coul. recip.
    3.99936e+03    6.10915e+04    3.58708e+04   -5.78473e+05    1.82276e+03
 Position Rest.      Potential    Kinetic En.   Total Energy  Conserved En.
    1.12275e+03   -4.44997e+05    9.16882e+04   -3.53308e+05   -4.30973e+05
    Temperature Pressure (bar)   Constr. rmsd
    2.94107e+02    1.61137e+02    2.97239e-06

           Step           Time
           6000       12.00000

   Energies (kJ/mol)
           Bond            U-B    Proper Dih.  Improper Dih.      CMAP Dih.
    4.04516e+03    1.20213e+04    1.33951e+04    6.55356e+02   -3.96068e+02
          LJ-14     Coulomb-14        LJ (SR)   Coulomb (SR)   Coul. recip.
    3.97659e+03    6.09172e+04    3.59406e+04   -5.77360e+05    1.79346e+03
 Position Rest.      Potential    Kinetic En.   Total Energy  Conserved En.
    1.18075e+03   -4.43831e+05    9.14747e+04   -3.52356e+05   -4.30988e+05
    Temperature Pressure (bar)   Constr. rmsd
    2.93422e+02   -5.84805e+02    3.12995e-06

           Step           Time
           6500       13.00000

   Energies (kJ/mol)
           Bond            U-B    Proper Dih.  Improper Dih.      CMAP Dih.
    4.14282e+03    1.18220e+04    1.33804e+04    6.95998e+02   -4.00012e+02
          LJ-14     Coulomb-14        LJ (SR)   Coulomb (SR)   Coul. recip.
    3.92163e+03    6.11344e+04    3.64125e+04   -5.77746e+05    1.91773e+03
 Position Rest.      Potential    Kinetic En.   Total Energy  Conserved En.
    1.07549e+03   -4.43643e+05    9.22254e+04   -3.51417e+05   -4.30974e+05
    Temperature Pressure (bar)   Constr. rmsd
    2.95830e+02   -4.31469e+02    3.25465e-06

           Step           Time
           7000       14.00000

   Energies (kJ/mol)
           Bond            U-B    Proper Dih.  Improper Dih.      CMAP Dih.
    3.98134e+03    1.16072e+04    1.34790e+04    6.81682e+02   -3.62404e+02
          LJ-14     Coulomb-14        LJ (SR)   Coulomb (SR)   Coul. recip.
    4.02290e+03    6.14571e+04    3.63295e+04   -5.78416e+05    1.82043e+03
 Position Rest.      Potential    Kinetic En.   Total Energy  Conserved En.
    1.18045e+03   -4.44218e+05    9.23050e+04   -3.51913e+05   -4.31000e+05
    Temperature Pressure (bar)   Constr. rmsd
    2.96086e+02   -2.24106e+02    3.20110e-06

           Step           Time
           7500       15.00000

   Energies (kJ/mol)
           Bond            U-B    Proper Dih.  Improper Dih.      CMAP Dih.
    4.23862e+03    1.18458e+04    1.33683e+04    6.90225e+02   -3.87484e+02
          LJ-14     Coulomb-14        LJ (SR)   Coulomb (SR)   Coul. recip.
    3.79650e+03    6.11897e+04    3.42046e+04   -5.75170e+05    1.80337e+03
 Position Rest.      Potential    Kinetic En.   Total Energy  Conserved En.
    1.15569e+03   -4.43264e+05    9.28675e+04   -3.50397e+05   -4.30983e+05
    Temperature Pressure (bar)   Constr. rmsd
    2.97890e+02   -8.56605e+02    3.28127e-06

           Step           Time
           8000       16.00000

   Energies (kJ/mol)
           Bond            U-B    Proper Dih.  Improper Dih.      CMAP Dih.
    3.92296e+03    1.17289e+04    1.34253e+04    6.50434e+02   -3.46636e+02
          LJ-14     Coulomb-14        LJ (SR)   Coulomb (SR)   Coul. recip.
    3.99571e+03    6.11833e+04    3.59369e+04   -5.77887e+05    1.86774e+03
 Position Rest.      Potential    Kinetic En.   Total Energy  Conserved En.
    1.20480e+03   -4.44318e+05    9.25735e+04   -3.51744e+05   -4.31001e+05
    Temperature Pressure (bar)   Constr. rmsd
    2.96947e+02   -4.22298e+02    3.37086e-06

           Step           Time
           8500       17.00000

   Energies (kJ/mol)
           Bond            U-B    Proper Dih.  Improper Dih.      CMAP Dih.
    4.02173e+03    1.22130e+04    1.33202e+04    6.93618e+02   -3.46904e+02
          LJ-14     Coulomb-14        LJ (SR)   Coulomb (SR)   Coul. recip.
    3.84751e+03    6.09589e+04    3.59181e+04   -5.76594e+05    1.87883e+03
 Position Rest.      Potential    Kinetic En.   Total Energy  Conserved En.
    1.18581e+03   -4.42903e+05    9.26476e+04   -3.50255e+05   -4.30957e+05
    Temperature Pressure (bar)   Constr. rmsd
    2.97185e+02   -9.52039e+02    3.32311e-06

           Step           Time
           9000       18.00000

   Energies (kJ/mol)
           Bond            U-B    Proper Dih.  Improper Dih.      CMAP Dih.
    4.33516e+03    1.20182e+04    1.32893e+04    7.10194e+02   -3.92783e+02
          LJ-14     Coulomb-14        LJ (SR)   Coulomb (SR)   Coul. recip.
    3.88384e+03    6.10268e+04    3.58012e+04   -5.75762e+05    1.89411e+03
 Position Rest.      Potential    Kinetic En.   Total Energy  Conserved En.
    1.15790e+03   -4.42038e+05    9.26408e+04   -3.49397e+05   -4.30940e+05
    Temperature Pressure (bar)   Constr. rmsd
    2.97163e+02   -5.99358e+02    2.84090e-06

           Step           Time
           9500       19.00000

   Energies (kJ/mol)
           Bond            U-B    Proper Dih.  Improper Dih.      CMAP Dih.
    4.09644e+03    1.20201e+04    1.33771e+04    6.90995e+02   -4.06100e+02
          LJ-14     Coulomb-14        LJ (SR)   Coulomb (SR)   Coul. recip.
    3.94334e+03    6.10623e+04    3.53805e+04   -5.75382e+05    1.81465e+03
 Position Rest.      Potential    Kinetic En.   Total Energy  Conserved En.
    1.24795e+03   -4.42155e+05    9.34193e+04   -3.48735e+05   -4.30992e+05
    Temperature Pressure (bar)   Constr. rmsd
    2.99660e+02   -7.21424e+02    3.09097e-06

           Step           Time
          10000       20.00000

   Energies (kJ/mol)
           Bond            U-B    Proper Dih.  Improper Dih.      CMAP Dih.
    4.00950e+03    1.21704e+04    1.33776e+04    7.23780e+02   -4.31860e+02
          LJ-14     Coulomb-14        LJ (SR)   Coulomb (SR)   Coul. recip.
    3.93669e+03    6.12867e+04    3.59957e+04   -5.76519e+05    1.90084e+03
 Position Rest.      Potential    Kinetic En.   Total Energy  Conserved En.
    1.12111e+03   -4.42429e+05    9.32196e+04   -3.49209e+05   -4.30950e+05
    Temperature Pressure (bar)   Constr. rmsd
    2.99020e+02   -5.34931e+02    2.93180e-06

           Step           Time
          10500       21.00000

   Energies (kJ/mol)
           Bond            U-B    Proper Dih.  Improper Dih.      CMAP Dih.
    3.98457e+03    1.19725e+04    1.33063e+04    6.68006e+02   -3.80831e+02
          LJ-14     Coulomb-14        LJ (SR)   Coulomb (SR)   Coul. recip.
    3.90950e+03    6.11122e+04    3.64314e+04   -5.77327e+05    1.88692e+03
 Position Rest.      Potential    Kinetic En.   Total Energy  Conserved En.
    1.15741e+03   -4.43279e+05    9.33947e+04   -3.49884e+05   -4.30973e+05
    Temperature Pressure (bar)   Constr. rmsd
    2.99581e+02   -1.63887e+02    3.10468e-06

           Step           Time
          11000       22.00000

   Energies (kJ/mol)
           Bond            U-B    Proper Dih.  Improper Dih.      CMAP Dih.
    4.12527e+03    1.20218e+04    1.33451e+04    7.51382e+02   -4.04860e+02
          LJ-14     Coulomb-14        LJ (SR)   Coulomb (SR)   Coul. recip.
    3.84883e+03    6.13345e+04    3.56719e+04   -5.77035e+05    1.85632e+03
 Position Rest.      Potential    Kinetic En.   Total Energy  Conserved En.
    1.16209e+03   -4.43323e+05    9.29653e+04   -3.50358e+05   -4.30929e+05
    Temperature Pressure (bar)   Constr. rmsd
    2.98204e+02   -2.20182e+02    3.12225e-06

           Step           Time
          11500       23.00000

   Energies (kJ/mol)
           Bond            U-B    Proper Dih.  Improper Dih.      CMAP Dih.
    4.25212e+03    1.19258e+04    1.34122e+04    6.66949e+02   -4.05243e+02
          LJ-14     Coulomb-14        LJ (SR)   Coulomb (SR)   Coul. recip.
    3.83161e+03    6.08812e+04    3.44964e+04   -5.74330e+05    1.84303e+03
 Position Rest.      Potential    Kinetic En.   Total Energy  Conserved En.
    1.18623e+03   -4.42240e+05    9.25048e+04   -3.49735e+05   -4.30946e+05
    Temperature Pressure (bar)   Constr. rmsd
    2.96727e+02   -4.14896e+02    3.15737e-06

           Step           Time
          12000       24.00000

   Energies (kJ/mol)
           Bond            U-B    Proper Dih.  Improper Dih.      CMAP Dih.
    4.13144e+03    1.20056e+04    1.34382e+04    7.00602e+02   -4.60982e+02
          LJ-14     Coulomb-14        LJ (SR)   Coulomb (SR)   Coul. recip.
    3.84607e+03    6.08137e+04    3.60819e+04   -5.77146e+05    1.91107e+03
 Position Rest.      Potential    Kinetic En.   Total Energy  Conserved En.
    1.21779e+03   -4.43460e+05    9.32135e+04   -3.50247e+05   -4.30935e+05
    Temperature Pressure (bar)   Constr. rmsd
    2.99000e+02   -5.85682e+02    3.02976e-06

           Step           Time
          12500       25.00000

   Energies (kJ/mol)
           Bond            U-B    Proper Dih.  Improper Dih.      CMAP Dih.
    4.21485e+03    1.17339e+04    1.34452e+04    6.85460e+02   -4.05198e+02
          LJ-14     Coulomb-14        LJ (SR)   Coulomb (SR)   Coul. recip.
    3.94807e+03    6.11081e+04    3.45506e+04   -5.75222e+05    1.89622e+03
 Position Rest.      Potential    Kinetic En.   Total Energy  Conserved En.
    1.17855e+03   -4.42866e+05    9.31826e+04   -3.49684e+05   -4.30948e+05
    Temperature Pressure (bar)   Constr. rmsd
    2.98901e+02   -6.68166e+02    2.98761e-06

           Step           Time
          13000       26.00000

   Energies (kJ/mol)
           Bond            U-B    Proper Dih.  Improper Dih.      CMAP Dih.
    3.98577e+03    1.17550e+04    1.34548e+04    6.70760e+02   -4.41419e+02
          LJ-14     Coulomb-14        LJ (SR)   Coulomb (SR)   Coul. recip.
    3.96695e+03    6.09334e+04    3.62968e+04   -5.77452e+05    1.82625e+03
 Position Rest.      Potential    Kinetic En.   Total Energy  Conserved En.
    1.19919e+03   -4.43804e+05    9.28530e+04   -3.50951e+05   -4.30956e+05
    Temperature Pressure (bar)   Constr. rmsd
    2.97844e+02   -2.30094e+02    2.95104e-06

           Step           Time
          13500       27.00000

   Energies (kJ/mol)
           Bond            U-B    Proper Dih.  Improper Dih.      CMAP Dih.
    4.23782e+03    1.18425e+04    1.34899e+04    6.91407e+02   -4.53509e+02
          LJ-14     Coulomb-14        LJ (SR)   Coulomb (SR)   Coul. recip.
    3.91117e+03    6.08398e+04    3.55699e+04   -5.76888e+05    1.86076e+03
 Position Rest.      Potential    Kinetic En.   Total Energy  Conserved En.
    1.09194e+03   -4.43807e+05    9.21569e+04   -3.51650e+05   -4.30937e+05
    Temperature Pressure (bar)   Constr. rmsd
    2.95611e+02   -9.51437e+02    3.07418e-06

           Step           Time
          14000       28.00000

   Energies (kJ/mol)
           Bond            U-B    Proper Dih.  Improper Dih.      CMAP Dih.
    4.04272e+03    1.19784e+04    1.33916e+04    7.92280e+02   -4.61792e+02
          LJ-14     Coulomb-14        LJ (SR)   Coulomb (SR)   Coul. recip.
    3.92964e+03    6.11614e+04    3.59293e+04   -5.77958e+05    1.84150e+03
 Position Rest.      Potential    Kinetic En.   Total Energy  Conserved En.
    1.16087e+03   -4.44192e+05    9.26015e+04   -3.51590e+05   -4.30930e+05
    Temperature Pressure (bar)   Constr. rmsd
    2.97037e+02   -9.53899e+02    2.94331e-06

           Step           Time
          14500       29.00000

   Energies (kJ/mol)
           Bond            U-B    Proper Dih.  Improper Dih.      CMAP Dih.
    4.21330e+03    1.16845e+04    1.33106e+04    6.57899e+02   -4.33687e+02
          LJ-14     Coulomb-14        LJ (SR)   Coulomb (SR)   Coul. recip.
    3.87459e+03    6.11466e+04    3.59581e+04   -5.76666e+05    1.85384e+03
 Position Rest.      Potential    Kinetic En.   Total Energy  Conserved En.
    1.14380e+03   -4.43257e+05    9.29366e+04   -3.50320e+05   -4.30932e+05
    Temperature Pressure (bar)   Constr. rmsd
    2.98112e+02   -1.08773e+03    3.19657e-06

           Step           Time
          15000       30.00000

   Energies (kJ/mol)
           Bond            U-B    Proper Dih.  Improper Dih.      CMAP Dih.
    4.07723e+03    1.19815e+04    1.32959e+04    5.86043e+02   -4.74284e+02
          LJ-14     Coulomb-14        LJ (SR)   Coulomb (SR)   Coul. recip.
    3.87541e+03    6.10392e+04    3.56156e+04   -5.75398e+05    1.82188e+03
 Position Rest.      Potential    Kinetic En.   Total Energy  Conserved En.
    1.14741e+03   -4.42432e+05    9.25041e+04   -3.49928e+05   -4.30935e+05
    Temperature Pressure (bar)   Constr. rmsd
    2.96724e+02   -1.71725e+02    3.15028e-06

           Step           Time
          15500       31.00000

   Energies (kJ/mol)
           Bond            U-B    Proper Dih.  Improper Dih.      CMAP Dih.
    3.85481e+03    1.19039e+04    1.33872e+04    6.91537e+02   -4.11405e+02
          LJ-14     Coulomb-14        LJ (SR)   Coulomb (SR)   Coul. recip.
    4.00746e+03    6.10779e+04    3.51942e+04   -5.76355e+05    1.77308e+03
 Position Rest.      Potential    Kinetic En.   Total Energy  Conserved En.
    1.15107e+03   -4.43725e+05    9.35805e+04   -3.50145e+05   -4.30942e+05
    Temperature Pressure (bar)   Constr. rmsd
    3.00177e+02   -3.54766e+02    3.38185e-06

           Step           Time
          16000       32.00000

   Energies (kJ/mol)
           Bond            U-B    Proper Dih.  Improper Dih.      CMAP Dih.
    4.22374e+03    1.18840e+04    1.33602e+04    6.58811e+02   -4.29308e+02
          LJ-14     Coulomb-14        LJ (SR)   Coulomb (SR)   Coul. recip.
    3.81442e+03    6.08244e+04    3.55228e+04   -5.76853e+05    1.82803e+03
 Position Rest.      Potential    Kinetic En.   Total Energy  Conserved En.
    1.23060e+03   -4.43935e+05    9.30983e+04   -3.50837e+05   -4.30916e+05
    Temperature Pressure (bar)   Constr. rmsd
    2.98631e+02   -8.84520e+02    3.21098e-06

           Step           Time
          16500       33.00000

   Energies (kJ/mol)
           Bond            U-B    Proper Dih.  Improper Dih.      CMAP Dih.
    4.08077e+03    1.18399e+04    1.33088e+04    7.17056e+02   -4.05333e+02
          LJ-14     Coulomb-14        LJ (SR)   Coulomb (SR)   Coul. recip.
    3.84588e+03    6.11047e+04    3.52716e+04   -5.76622e+05    1.85206e+03
 Position Rest.      Potential    Kinetic En.   Total Energy  Conserved En.
    1.21135e+03   -4.43795e+05    9.28670e+04   -3.50928e+05   -4.30921e+05
    Temperature Pressure (bar)   Constr. rmsd
    2.97889e+02   -4.94326e+02    3.19266e-06

           Step           Time
          17000       34.00000

   Energies (kJ/mol)
           Bond            U-B    Proper Dih.  Improper Dih.      CMAP Dih.
    4.33051e+03    1.16626e+04    1.34941e+04    7.21062e+02   -4.14283e+02
          LJ-14     Coulomb-14        LJ (SR)   Coulomb (SR)   Coul. recip.
    3.87848e+03    6.08432e+04    3.51188e+04   -5.76126e+05    1.93136e+03
 Position Rest.      Potential    Kinetic En.   Total Energy  Conserved En.
    1.15248e+03   -4.43407e+05    9.27317e+04   -3.50676e+05   -4.30885e+05
    Temperature Pressure (bar)   Constr. rmsd
    2.97455e+02   -8.88250e+02    3.17441e-06

           Step           Time
          17500       35.00000

   Energies (kJ/mol)
           Bond            U-B    Proper Dih.  Improper Dih.      CMAP Dih.
    4.13097e+03    1.18024e+04    1.33553e+04    6.67874e+02   -4.82994e+02
          LJ-14     Coulomb-14        LJ (SR)   Coulomb (SR)   Coul. recip.
    3.96940e+03    6.11191e+04    3.50407e+04   -5.75120e+05    1.79041e+03
 Position Rest.      Potential    Kinetic En.   Total Energy  Conserved En.
    1.16180e+03   -4.42565e+05    9.29126e+04   -3.49652e+05   -4.30922e+05
    Temperature Pressure (bar)   Constr. rmsd
    2.98035e+02   -8.80687e+02    2.91947e-06

           Step           Time
          18000       36.00000

   Energies (kJ/mol)
           Bond            U-B    Proper Dih.  Improper Dih.      CMAP Dih.
    4.25832e+03    1.21285e+04    1.33627e+04    6.87589e+02   -4.06776e+02
          LJ-14     Coulomb-14        LJ (SR)   Coulomb (SR)   Coul. recip.
    3.84552e+03    6.11088e+04    3.52098e+04   -5.76144e+05    1.81695e+03
 Position Rest.      Potential    Kinetic En.   Total Energy  Conserved En.
    1.21976e+03   -4.42913e+05    9.38189e+04   -3.49094e+05   -4.30878e+05
    Temperature Pressure (bar)   Constr. rmsd
    3.00942e+02   -1.24826e+03    2.92134e-06

           Step           Time
          18500       37.00000

   Energies (kJ/mol)
           Bond            U-B    Proper Dih.  Improper Dih.      CMAP Dih.
    4.25775e+03    1.18085e+04    1.34628e+04    7.05441e+02   -3.61400e+02
          LJ-14     Coulomb-14        LJ (SR)   Coulomb (SR)   Coul. recip.
    3.94216e+03    6.08284e+04    3.49440e+04   -5.75354e+05    1.81477e+03
 Position Rest.      Potential    Kinetic En.   Total Energy  Conserved En.
    1.21196e+03   -4.42739e+05    9.26243e+04   -3.50115e+05   -4.30893e+05
    Temperature Pressure (bar)   Constr. rmsd
    2.97110e+02   -2.57599e+02    3.16401e-06

           Step           Time
          19000       38.00000

   Energies (kJ/mol)
           Bond            U-B    Proper Dih.  Improper Dih.      CMAP Dih.
    4.21038e+03    1.20034e+04    1.32761e+04    6.90094e+02   -4.92378e+02
          LJ-14     Coulomb-14        LJ (SR)   Coulomb (SR)   Coul. recip.
    3.90996e+03    6.11471e+04    3.47770e+04   -5.75557e+05    1.82470e+03
 Position Rest.      Potential    Kinetic En.   Total Energy  Conserved En.
    1.18576e+03   -4.43024e+05    9.37899e+04   -3.49235e+05   -4.30896e+05
    Temperature Pressure (bar)   Constr. rmsd
    3.00849e+02   -5.39961e+02    3.28587e-06

           Step           Time
          19500       39.00000

   Energies (kJ/mol)
           Bond            U-B    Proper Dih.  Improper Dih.      CMAP Dih.
    4.25248e+03    1.16723e+04    1.33559e+04    6.85914e+02   -4.26317e+02
          LJ-14     Coulomb-14        LJ (SR)   Coulomb (SR)   Coul. recip.
    3.81739e+03    6.11172e+04    3.61790e+04   -5.76744e+05    1.87624e+03
 Position Rest.      Potential    Kinetic En.   Total Energy  Conserved En.
    1.14877e+03   -4.43065e+05    9.37528e+04   -3.49312e+05   -4.30890e+05
    Temperature Pressure (bar)   Constr. rmsd
    3.00730e+02   -2.30071e+02    3.42889e-06

           Step           Time
          20000       40.00000

   Energies (kJ/mol)
           Bond            U-B    Proper Dih.  Improper Dih.      CMAP Dih.
    4.20403e+03    1.16099e+04    1.33012e+04    6.52459e+02   -4.11082e+02
          LJ-14     Coulomb-14        LJ (SR)   Coulomb (SR)   Coul. recip.
    3.97315e+03    6.10970e+04    3.57565e+04   -5.75212e+05    1.86028e+03
 Position Rest.      Potential    Kinetic En.   Total Energy  Conserved En.
    1.22201e+03   -4.41947e+05    9.25490e+04   -3.49398e+05   -4.30873e+05
    Temperature Pressure (bar)   Constr. rmsd
    2.96868e+02   -5.05493e+02    2.95796e-06

           Step           Time
          20500       41.00000

   Energies (kJ/mol)
           Bond            U-B    Proper Dih.  Improper Dih.      CMAP Dih.
    4.09087e+03    1.17167e+04    1.34477e+04    6.37049e+02   -4.38422e+02
          LJ-14     Coulomb-14        LJ (SR)   Coulomb (SR)   Coul. recip.
    3.89234e+03    6.09306e+04    3.53738e+04   -5.75615e+05    1.92485e+03
 Position Rest.      Potential    Kinetic En.   Total Energy  Conserved En.
    1.28031e+03   -4.42759e+05    9.34423e+04   -3.49317e+05   -4.30894e+05
    Temperature Pressure (bar)   Constr. rmsd
    2.99734e+02    1.71923e+02    2.97772e-06

           Step           Time
          21000       42.00000

   Energies (kJ/mol)
           Bond            U-B    Proper Dih.  Improper Dih.      CMAP Dih.
    4.10209e+03    1.17006e+04    1.33663e+04    6.13707e+02   -3.99935e+02
          LJ-14     Coulomb-14        LJ (SR)   Coulomb (SR)   Coul. recip.
    3.81610e+03    6.10351e+04    3.50888e+04   -5.75981e+05    1.85032e+03
 Position Rest.      Potential    Kinetic En.   Total Energy  Conserved En.
    1.22612e+03   -4.43582e+05    9.33843e+04   -3.50197e+05   -4.30913e+05
    Temperature Pressure (bar)   Constr. rmsd
    2.99548e+02   -9.92467e+02    3.19663e-06

           Step           Time
          21500       43.00000

   Energies (kJ/mol)
           Bond            U-B    Proper Dih.  Improper Dih.      CMAP Dih.
    4.08592e+03    1.16514e+04    1.34243e+04    6.89195e+02   -3.91130e+02
          LJ-14     Coulomb-14        LJ (SR)   Coulomb (SR)   Coul. recip.
    3.96694e+03    6.12693e+04    3.64630e+04   -5.78074e+05    1.85028e+03
 Position Rest.      Potential    Kinetic En.   Total Energy  Conserved En.
    1.13891e+03   -4.43926e+05    9.37360e+04   -3.50190e+05   -4.30891e+05
    Temperature Pressure (bar)   Constr. rmsd
    3.00676e+02    4.81482e+01    3.28307e-06

           Step           Time
          22000       44.00000

   Energies (kJ/mol)
           Bond            U-B    Proper Dih.  Improper Dih.      CMAP Dih.
    4.03687e+03    1.19418e+04    1.35316e+04    7.32549e+02   -4.13861e+02
          LJ-14     Coulomb-14        LJ (SR)   Coulomb (SR)   Coul. recip.
    3.82621e+03    6.10290e+04    3.46720e+04   -5.75369e+05    1.85363e+03
 Position Rest.      Potential    Kinetic En.   Total Energy  Conserved En.
    1.16533e+03   -4.42994e+05    9.32439e+04   -3.49750e+05   -4.30876e+05
    Temperature Pressure (bar)   Constr. rmsd
    2.99098e+02   -1.01031e+03    3.14663e-06

           Step           Time
          22500       45.00000

   Energies (kJ/mol)
           Bond            U-B    Proper Dih.  Improper Dih.      CMAP Dih.
    3.97189e+03    1.20034e+04    1.33943e+04    6.87859e+02   -3.90441e+02
          LJ-14     Coulomb-14        LJ (SR)   Coulomb (SR)   Coul. recip.
    4.01314e+03    6.11946e+04    3.38160e+04   -5.74120e+05    1.86032e+03
 Position Rest.      Potential    Kinetic En.   Total Energy  Conserved En.
    1.21013e+03   -4.42358e+05    9.30959e+04   -3.49263e+05   -4.30851e+05
    Temperature Pressure (bar)   Constr. rmsd
    2.98623e+02   -6.16197e+02    3.17977e-06

           Step           Time
          23000       46.00000

   Energies (kJ/mol)
           Bond            U-B    Proper Dih.  Improper Dih.      CMAP Dih.
    3.96768e+03    1.21211e+04    1.33869e+04    6.86938e+02   -4.50054e+02
          LJ-14     Coulomb-14        LJ (SR)   Coulomb (SR)   Coul. recip.
    3.94483e+03    6.10095e+04    3.53536e+04   -5.75819e+05    1.78815e+03
 Position Rest.      Potential    Kinetic En.   Total Energy  Conserved En.
    1.16122e+03   -4.42849e+05    9.37908e+04   -3.49058e+05   -4.30873e+05
    Temperature Pressure (bar)   Constr. rmsd
    3.00852e+02   -6.80521e+02    3.30661e-06

           Step           Time
          23500       47.00000

   Energies (kJ/mol)
           Bond            U-B    Proper Dih.  Improper Dih.      CMAP Dih.
    4.04391e+03    1.19120e+04    1.33514e+04    7.26525e+02   -4.22973e+02
          LJ-14     Coulomb-14        LJ (SR)   Coulomb (SR)   Coul. recip.
    3.91129e+03    6.12229e+04    3.47858e+04   -5.75550e+05    1.88002e+03
 Position Rest.      Potential    Kinetic En.   Total Energy  Conserved En.
    1.15231e+03   -4.42987e+05    9.39214e+04   -3.49066e+05   -4.30881e+05
    Temperature Pressure (bar)   Constr. rmsd
    3.01271e+02   -3.79361e+02    3.17913e-06

           Step           Time
          24000       48.00000

   Energies (kJ/mol)
           Bond            U-B    Proper Dih.  Improper Dih.      CMAP Dih.
    4.10452e+03    1.18782e+04    1.32707e+04    7.13888e+02   -4.45388e+02
          LJ-14     Coulomb-14        LJ (SR)   Coulomb (SR)   Coul. recip.
    3.92389e+03    6.09512e+04    3.51089e+04   -5.75373e+05    1.80120e+03
 Position Rest.      Potential    Kinetic En.   Total Energy  Conserved En.
    1.15113e+03   -4.42914e+05    9.31314e+04   -3.49783e+05   -4.30881e+05
    Temperature Pressure (bar)   Constr. rmsd
    2.98737e+02   -1.47340e+02    3.38473e-06

           Step           Time
          24500       49.00000

   Energies (kJ/mol)
           Bond            U-B    Proper Dih.  Improper Dih.      CMAP Dih.
    4.23834e+03    1.17608e+04    1.33681e+04    7.12642e+02   -4.39444e+02
          LJ-14     Coulomb-14        LJ (SR)   Coulomb (SR)   Coul. recip.
    3.85192e+03    6.09089e+04    3.54024e+04   -5.76450e+05    1.82835e+03
 Position Rest.      Potential    Kinetic En.   Total Energy  Conserved En.
    1.13099e+03   -4.43687e+05    9.28959e+04   -3.50791e+05   -4.30872e+05
    Temperature Pressure (bar)   Constr. rmsd
    2.97981e+02   -7.05555e+02    3.10959e-06

           Step           Time
          25000       50.00000

   Energies (kJ/mol)
           Bond            U-B    Proper Dih.  Improper Dih.      CMAP Dih.
    4.16088e+03    1.20649e+04    1.33232e+04    6.51024e+02   -4.55288e+02
          LJ-14     Coulomb-14        LJ (SR)   Coulomb (SR)   Coul. recip.
    3.90741e+03    6.08133e+04    3.59946e+04   -5.77380e+05    1.83624e+03
 Position Rest.      Potential    Kinetic En.   Total Energy  Conserved En.
    1.11142e+03   -4.43972e+05    9.25432e+04   -3.51429e+05   -4.30850e+05
    Temperature Pressure (bar)   Constr. rmsd
    2.96850e+02   -2.81575e+02    3.23271e-06

Writing checkpoint, step 25280 at Sat May  2 04:30:00 2026


           Step           Time
          25500       51.00000

   Energies (kJ/mol)
           Bond            U-B    Proper Dih.  Improper Dih.      CMAP Dih.
    4.20338e+03    1.15793e+04    1.33325e+04    6.82235e+02   -4.28788e+02
          LJ-14     Coulomb-14        LJ (SR)   Coulomb (SR)   Coul. recip.
    3.78248e+03    6.09534e+04    3.52352e+04   -5.76910e+05    1.85176e+03
 Position Rest.      Potential    Kinetic En.   Total Energy  Conserved En.
    1.22742e+03   -4.44491e+05    9.32800e+04   -3.51211e+05   -4.30878e+05
    Temperature Pressure (bar)   Constr. rmsd
    2.99213e+02   -6.13915e+02    2.96043e-06

           Step           Time
          26000       52.00000

   Energies (kJ/mol)
           Bond            U-B    Proper Dih.  Improper Dih.      CMAP Dih.
    4.08860e+03    1.18878e+04    1.33799e+04    6.43867e+02   -4.25319e+02
          LJ-14     Coulomb-14        LJ (SR)   Coulomb (SR)   Coul. recip.
    3.93608e+03    6.09726e+04    3.55263e+04   -5.76707e+05    1.83430e+03
 Position Rest.      Potential    Kinetic En.   Total Energy  Conserved En.
    1.17391e+03   -4.43689e+05    9.32985e+04   -3.50390e+05   -4.30874e+05
    Temperature Pressure (bar)   Constr. rmsd
    2.99273e+02   -4.96505e+02    3.11087e-06

           Step           Time
          26500       53.00000

   Energies (kJ/mol)
           Bond            U-B    Proper Dih.  Improper Dih.      CMAP Dih.
    4.18414e+03    1.16615e+04    1.33874e+04    6.12883e+02   -4.41468e+02
          LJ-14     Coulomb-14        LJ (SR)   Coulomb (SR)   Coul. recip.
    3.87903e+03    6.12462e+04    3.50160e+04   -5.75945e+05    1.86393e+03
 Position Rest.      Potential    Kinetic En.   Total Energy  Conserved En.
    1.18475e+03   -4.43351e+05    9.28230e+04   -3.50528e+05   -4.30845e+05
    Temperature Pressure (bar)   Constr. rmsd
    2.97747e+02   -9.27465e+02    2.98800e-06

           Step           Time
          27000       54.00000

   Energies (kJ/mol)
           Bond            U-B    Proper Dih.  Improper Dih.      CMAP Dih.
    4.23268e+03    1.18606e+04    1.33282e+04    7.26906e+02   -4.06679e+02
          LJ-14     Coulomb-14        LJ (SR)   Coulomb (SR)   Coul. recip.
    3.91223e+03    6.12173e+04    3.47364e+04   -5.75255e+05    1.89879e+03
 Position Rest.      Potential    Kinetic En.   Total Energy  Conserved En.
    1.19132e+03   -4.42557e+05    9.16310e+04   -3.50926e+05   -4.30828e+05
    Temperature Pressure (bar)   Constr. rmsd
    2.93924e+02   -4.83772e+02    3.12798e-06

           Step           Time
          27500       55.00000

   Energies (kJ/mol)
           Bond            U-B    Proper Dih.  Improper Dih.      CMAP Dih.
    4.21986e+03    1.18220e+04    1.33311e+04    6.65191e+02   -3.99266e+02
          LJ-14     Coulomb-14        LJ (SR)   Coulomb (SR)   Coul. recip.
    3.86341e+03    6.10593e+04    3.54808e+04   -5.76744e+05    1.78364e+03
 Position Rest.      Potential    Kinetic En.   Total Energy  Conserved En.
    1.21583e+03   -4.43702e+05    9.29892e+04   -3.50713e+05   -4.30830e+05
    Temperature Pressure (bar)   Constr. rmsd
    2.98281e+02   -6.03234e+02    3.07449e-06

           Step           Time
          28000       56.00000

   Energies (kJ/mol)
           Bond            U-B    Proper Dih.  Improper Dih.      CMAP Dih.
    4.13930e+03    1.19890e+04    1.33469e+04    7.03962e+02   -4.15392e+02
          LJ-14     Coulomb-14        LJ (SR)   Coulomb (SR)   Coul. recip.
    3.90941e+03    6.11135e+04    3.52780e+04   -5.76855e+05    1.83766e+03
 Position Rest.      Potential    Kinetic En.   Total Energy  Conserved En.
    1.20487e+03   -4.43748e+05    9.27034e+04   -3.51044e+05   -4.30816e+05
    Temperature Pressure (bar)   Constr. rmsd
    2.97364e+02   -1.00288e+03    2.80623e-06

           Step           Time
          28500       57.00000

   Energies (kJ/mol)
           Bond            U-B    Proper Dih.  Improper Dih.      CMAP Dih.
    4.19552e+03    1.18932e+04    1.33177e+04    6.97379e+02   -3.80829e+02
          LJ-14     Coulomb-14        LJ (SR)   Coulomb (SR)   Coul. recip.
    3.83181e+03    6.10025e+04    3.50042e+04   -5.76853e+05    1.81139e+03
 Position Rest.      Potential    Kinetic En.   Total Energy  Conserved En.
    1.18337e+03   -4.44297e+05    9.18763e+04   -3.52421e+05   -4.30812e+05
    Temperature Pressure (bar)   Constr. rmsd
    2.94711e+02   -1.14362e+03    3.06483e-06

           Step           Time
          29000       58.00000

   Energies (kJ/mol)
           Bond            U-B    Proper Dih.  Improper Dih.      CMAP Dih.
    4.16054e+03    1.17827e+04    1.32744e+04    6.32861e+02   -3.85028e+02
          LJ-14     Coulomb-14        LJ (SR)   Coulomb (SR)   Coul. recip.
    3.89942e+03    6.11103e+04    3.60589e+04   -5.77566e+05    1.79564e+03
 Position Rest.      Potential    Kinetic En.   Total Energy  Conserved En.
    1.19359e+03   -4.44043e+05    9.23204e+04   -3.51722e+05   -4.30816e+05
    Temperature Pressure (bar)   Constr. rmsd
    2.96135e+02   -1.06656e+03    3.10177e-06

           Step           Time
          29500       59.00000

   Energies (kJ/mol)
           Bond            U-B    Proper Dih.  Improper Dih.      CMAP Dih.
    4.08339e+03    1.20035e+04    1.33204e+04    7.17553e+02   -3.84823e+02
          LJ-14     Coulomb-14        LJ (SR)   Coulomb (SR)   Coul. recip.
    3.89910e+03    6.13058e+04    3.64374e+04   -5.78075e+05    1.79567e+03
 Position Rest.      Potential    Kinetic En.   Total Energy  Conserved En.
    1.24680e+03   -4.43650e+05    9.21474e+04   -3.51503e+05   -4.30804e+05
    Temperature Pressure (bar)   Constr. rmsd
    2.95580e+02   -1.22405e+01    2.99058e-06

           Step           Time
          30000       60.00000

   Energies (kJ/mol)
           Bond            U-B    Proper Dih.  Improper Dih.      CMAP Dih.
    3.95347e+03    1.19632e+04    1.32077e+04    6.12278e+02   -3.69283e+02
          LJ-14     Coulomb-14        LJ (SR)   Coulomb (SR)   Coul. recip.
    3.95064e+03    6.14415e+04    3.56783e+04   -5.77578e+05    1.86718e+03
 Position Rest.      Potential    Kinetic En.   Total Energy  Conserved En.
    1.20597e+03   -4.44067e+05    9.25271e+04   -3.51540e+05   -4.30832e+05
    Temperature Pressure (bar)   Constr. rmsd
    2.96798e+02   -8.18914e+02    3.23094e-06

           Step           Time
          30500       61.00000

   Energies (kJ/mol)
           Bond            U-B    Proper Dih.  Improper Dih.      CMAP Dih.
    4.14523e+03    1.19021e+04    1.33606e+04    7.01459e+02   -4.32454e+02
          LJ-14     Coulomb-14        LJ (SR)   Coulomb (SR)   Coul. recip.
    3.95138e+03    6.12809e+04    3.51550e+04   -5.76882e+05    1.86969e+03
 Position Rest.      Potential    Kinetic En.   Total Energy  Conserved En.
    1.19848e+03   -4.43749e+05    9.19517e+04   -3.51798e+05   -4.30805e+05
    Temperature Pressure (bar)   Constr. rmsd
    2.94953e+02   -8.58207e+02    3.08288e-06

           Step           Time
          31000       62.00000

   Energies (kJ/mol)
           Bond            U-B    Proper Dih.  Improper Dih.      CMAP Dih.
    4.08237e+03    1.19241e+04    1.33097e+04    6.66468e+02   -4.31035e+02
          LJ-14     Coulomb-14        LJ (SR)   Coulomb (SR)   Coul. recip.
    3.91894e+03    6.11448e+04    3.49736e+04   -5.76323e+05    1.87586e+03
 Position Rest.      Potential    Kinetic En.   Total Energy  Conserved En.
    1.20647e+03   -4.43652e+05    9.24566e+04   -3.51196e+05   -4.30807e+05
    Temperature Pressure (bar)   Constr. rmsd
    2.96572e+02   -6.49605e+02    3.06697e-06

           Step           Time
          31500       63.00000

   Energies (kJ/mol)
           Bond            U-B    Proper Dih.  Improper Dih.      CMAP Dih.
    4.03678e+03    1.18805e+04    1.33844e+04    6.66546e+02   -4.18531e+02
          LJ-14     Coulomb-14        LJ (SR)   Coulomb (SR)   Coul. recip.
    3.89074e+03    6.09274e+04    3.50639e+04   -5.76710e+05    1.85908e+03
 Position Rest.      Potential    Kinetic En.   Total Energy  Conserved En.
    1.21803e+03   -4.44202e+05    9.31056e+04   -3.51096e+05   -4.30833e+05
    Temperature Pressure (bar)   Constr. rmsd
    2.98654e+02   -1.06644e+03    3.05642e-06

           Step           Time
          32000       64.00000

   Energies (kJ/mol)
           Bond            U-B    Proper Dih.  Improper Dih.      CMAP Dih.
    4.31539e+03    1.19465e+04    1.33131e+04    7.35863e+02   -3.69664e+02
          LJ-14     Coulomb-14        LJ (SR)   Coulomb (SR)   Coul. recip.
    3.85169e+03    6.07988e+04    3.51701e+04   -5.76781e+05    1.90854e+03
 Position Rest.      Potential    Kinetic En.   Total Energy  Conserved En.
    1.24843e+03   -4.43862e+05    9.27962e+04   -3.51066e+05   -4.30792e+05
    Temperature Pressure (bar)   Constr. rmsd
    2.97662e+02   -5.69617e+02    3.01952e-06

           Step           Time
          32500       65.00000

   Energies (kJ/mol)
           Bond            U-B    Proper Dih.  Improper Dih.      CMAP Dih.
    4.18169e+03    1.18571e+04    1.33378e+04    7.01747e+02   -4.07887e+02
          LJ-14     Coulomb-14        LJ (SR)   Coulomb (SR)   Coul. recip.
    3.90796e+03    6.09941e+04    3.47761e+04   -5.75604e+05    1.81762e+03
 Position Rest.      Potential    Kinetic En.   Total Energy  Conserved En.
    1.20465e+03   -4.43233e+05    9.22376e+04   -3.50995e+05   -4.30777e+05
    Temperature Pressure (bar)   Constr. rmsd
    2.95870e+02   -9.97446e+02    2.96121e-06

           Step           Time
          33000       66.00000

   Energies (kJ/mol)
           Bond            U-B    Proper Dih.  Improper Dih.      CMAP Dih.
    4.23934e+03    1.15809e+04    1.33592e+04    6.89753e+02   -3.68601e+02
          LJ-14     Coulomb-14        LJ (SR)   Coulomb (SR)   Coul. recip.
    3.83715e+03    6.09493e+04    3.51204e+04   -5.75831e+05    1.84822e+03
 Position Rest.      Potential    Kinetic En.   Total Energy  Conserved En.
    1.08964e+03   -4.43486e+05    9.25842e+04   -3.50902e+05   -4.30800e+05
    Temperature Pressure (bar)   Constr. rmsd
    2.96982e+02   -8.89554e+02    3.14869e-06

           Step           Time
          33500       67.00000

   Energies (kJ/mol)
           Bond            U-B    Proper Dih.  Improper Dih.      CMAP Dih.
    3.87998e+03    1.17427e+04    1.32097e+04    6.69526e+02   -4.56646e+02
          LJ-14     Coulomb-14        LJ (SR)   Coulomb (SR)   Coul. recip.
    3.97492e+03    6.13086e+04    3.60906e+04   -5.76859e+05    1.85178e+03
 Position Rest.      Potential    Kinetic En.   Total Energy  Conserved En.
    1.24042e+03   -4.43347e+05    9.27261e+04   -3.50621e+05   -4.30818e+05
    Temperature Pressure (bar)   Constr. rmsd
    2.97437e+02   -2.76864e+02    3.00523e-06

           Step           Time
          34000       68.00000

   Energies (kJ/mol)
           Bond            U-B    Proper Dih.  Improper Dih.      CMAP Dih.
    4.09920e+03    1.18488e+04    1.33655e+04    6.33908e+02   -4.44087e+02
          LJ-14     Coulomb-14        LJ (SR)   Coulomb (SR)   Coul. recip.
    3.90977e+03    6.10306e+04    3.44379e+04   -5.75186e+05    1.82933e+03
 Position Rest.      Potential    Kinetic En.   Total Energy  Conserved En.
    1.20379e+03   -4.43271e+05    9.24876e+04   -3.50784e+05   -4.30792e+05
    Temperature Pressure (bar)   Constr. rmsd
    2.96672e+02   -5.29487e+02    2.93324e-06

           Step           Time
          34500       69.00000

   Energies (kJ/mol)
           Bond            U-B    Proper Dih.  Improper Dih.      CMAP Dih.
    4.00264e+03    1.19801e+04    1.34194e+04    6.23760e+02   -3.93278e+02
          LJ-14     Coulomb-14        LJ (SR)   Coulomb (SR)   Coul. recip.
    3.99765e+03    6.11885e+04    3.54502e+04   -5.76075e+05    1.86219e+03
 Position Rest.      Potential    Kinetic En.   Total Energy  Conserved En.
    1.14606e+03   -4.42798e+05    9.33147e+04   -3.49483e+05   -4.30772e+05
    Temperature Pressure (bar)   Constr. rmsd
    2.99325e+02   -1.53490e+02    2.98722e-06

           Step           Time
          35000       70.00000

   Energies (kJ/mol)
           Bond            U-B    Proper Dih.  Improper Dih.      CMAP Dih.
    4.13079e+03    1.15580e+04    1.34331e+04    7.63559e+02   -3.86749e+02
          LJ-14     Coulomb-14        LJ (SR)   Coulomb (SR)   Coul. recip.
    3.89942e+03    6.12325e+04    3.58185e+04   -5.76581e+05    1.85463e+03
 Position Rest.      Potential    Kinetic En.   Total Energy  Conserved En.
    1.13821e+03   -4.43139e+05    9.29360e+04   -3.50203e+05   -4.30803e+05
    Temperature Pressure (bar)   Constr. rmsd
    2.98110e+02   -6.23164e+02    3.10540e-06

           Step           Time
          35500       71.00000

   Energies (kJ/mol)
           Bond            U-B    Proper Dih.  Improper Dih.      CMAP Dih.
    4.31492e+03    1.16371e+04    1.34026e+04    6.67705e+02   -5.17944e+02
          LJ-14     Coulomb-14        LJ (SR)   Coulomb (SR)   Coul. recip.
    3.89776e+03    6.12590e+04    3.63591e+04   -5.77008e+05    1.85485e+03
 Position Rest.      Potential    Kinetic En.   Total Energy  Conserved En.
    1.21324e+03   -4.42920e+05    9.35341e+04   -3.49386e+05   -4.30788e+05
    Temperature Pressure (bar)   Constr. rmsd
    3.00029e+02   -2.67043e+02    3.12468e-06

           Step           Time
          36000       72.00000

   Energies (kJ/mol)
           Bond            U-B    Proper Dih.  Improper Dih.      CMAP Dih.
    3.98946e+03    1.18348e+04    1.34134e+04    6.90047e+02   -4.42532e+02
          LJ-14     Coulomb-14        LJ (SR)   Coulomb (SR)   Coul. recip.
    3.94838e+03    6.13005e+04    3.45628e+04   -5.76181e+05    1.89074e+03
 Position Rest.      Potential    Kinetic En.   Total Energy  Conserved En.
    1.23325e+03   -4.43760e+05    9.39567e+04   -3.49804e+05   -4.30785e+05
    Temperature Pressure (bar)   Constr. rmsd
    3.01384e+02   -4.52818e+02    3.08176e-06

           Step           Time
          36500       73.00000

   Energies (kJ/mol)
           Bond            U-B    Proper Dih.  Improper Dih.      CMAP Dih.
    4.27394e+03    1.20196e+04    1.33669e+04    6.78339e+02   -4.27645e+02
          LJ-14     Coulomb-14        LJ (SR)   Coulomb (SR)   Coul. recip.
    3.86795e+03    6.10424e+04    3.49076e+04   -5.75676e+05    1.88068e+03
 Position Rest.      Potential    Kinetic En.   Total Energy  Conserved En.
    1.16757e+03   -4.42899e+05    9.32937e+04   -3.49606e+05   -4.30761e+05
    Temperature Pressure (bar)   Constr. rmsd
    2.99257e+02   -7.32375e+02    3.16587e-06

           Step           Time
          37000       74.00000

   Energies (kJ/mol)
           Bond            U-B    Proper Dih.  Improper Dih.      CMAP Dih.
    4.20243e+03    1.18597e+04    1.33986e+04    6.54603e+02   -3.61788e+02
          LJ-14     Coulomb-14        LJ (SR)   Coulomb (SR)   Coul. recip.
    3.80427e+03    6.13357e+04    3.53486e+04   -5.76106e+05    1.90543e+03
 Position Rest.      Potential    Kinetic En.   Total Energy  Conserved En.
    1.18891e+03   -4.42769e+05    9.34729e+04   -3.49297e+05   -4.30768e+05
    Temperature Pressure (bar)   Constr. rmsd
    2.99832e+02   -9.66249e+02    3.08673e-06

           Step           Time
          37500       75.00000

   Energies (kJ/mol)
           Bond            U-B    Proper Dih.  Improper Dih.      CMAP Dih.
    4.15159e+03    1.19090e+04    1.33700e+04    7.23852e+02   -4.45093e+02
          LJ-14     Coulomb-14        LJ (SR)   Coulomb (SR)   Coul. recip.
    3.82045e+03    6.10167e+04    3.48807e+04   -5.75098e+05    1.83895e+03
 Position Rest.      Potential    Kinetic En.   Total Energy  Conserved En.
    1.19652e+03   -4.42636e+05    9.36747e+04   -3.48961e+05   -4.30763e+05
    Temperature Pressure (bar)   Constr. rmsd
    3.00479e+02   -8.76147e+02    2.92704e-06

           Step           Time
          38000       76.00000

   Energies (kJ/mol)
           Bond            U-B    Proper Dih.  Improper Dih.      CMAP Dih.
    4.12111e+03    1.19197e+04    1.32635e+04    6.96711e+02   -4.25967e+02
          LJ-14     Coulomb-14        LJ (SR)   Coulomb (SR)   Coul. recip.
    3.76903e+03    6.10636e+04    3.50468e+04   -5.75569e+05    1.86121e+03
 Position Rest.      Potential    Kinetic En.   Total Energy  Conserved En.
    1.26789e+03   -4.42985e+05    9.31744e+04   -3.49810e+05   -4.30772e+05
    Temperature Pressure (bar)   Constr. rmsd
    2.98875e+02   -1.02813e+03    3.26172e-06

           Step           Time
          38500       77.00000

   Energies (kJ/mol)
           Bond            U-B    Proper Dih.  Improper Dih.      CMAP Dih.
    4.13579e+03    1.19050e+04    1.32458e+04    6.38997e+02   -3.64875e+02
          LJ-14     Coulomb-14        LJ (SR)   Coulomb (SR)   Coul. recip.
    3.81021e+03    6.10551e+04    3.42308e+04   -5.74173e+05    1.78546e+03
 Position Rest.      Potential    Kinetic En.   Total Energy  Conserved En.
    1.20713e+03   -4.42524e+05    9.27045e+04   -3.49819e+05   -4.30762e+05
    Temperature Pressure (bar)   Constr. rmsd
    2.97367e+02   -8.23634e+02    3.20657e-06

           Step           Time
          39000       78.00000

   Energies (kJ/mol)
           Bond            U-B    Proper Dih.  Improper Dih.      CMAP Dih.
    4.01027e+03    1.18062e+04    1.33882e+04    7.21719e+02   -4.29605e+02
          LJ-14     Coulomb-14        LJ (SR)   Coulomb (SR)   Coul. recip.
    3.92001e+03    6.13364e+04    3.42539e+04   -5.75695e+05    1.83105e+03
 Position Rest.      Potential    Kinetic En.   Total Energy  Conserved En.
    1.23138e+03   -4.43626e+05    9.29565e+04   -3.50669e+05   -4.30768e+05
    Temperature Pressure (bar)   Constr. rmsd
    2.98176e+02   -9.85965e+02    2.94892e-06

           Step           Time
          39500       79.00000

   Energies (kJ/mol)
           Bond            U-B    Proper Dih.  Improper Dih.      CMAP Dih.
    4.03347e+03    1.20441e+04    1.33439e+04    6.89481e+02   -4.50142e+02
          LJ-14     Coulomb-14        LJ (SR)   Coulomb (SR)   Coul. recip.
    3.94101e+03    6.10290e+04    3.50985e+04   -5.75694e+05    1.82993e+03
 Position Rest.      Potential    Kinetic En.   Total Energy  Conserved En.
    1.23779e+03   -4.42897e+05    9.26437e+04   -3.50253e+05   -4.30756e+05
    Temperature Pressure (bar)   Constr. rmsd
    2.97172e+02   -3.09979e+02    3.30012e-06

           Step           Time
          40000       80.00000

   Energies (kJ/mol)
           Bond            U-B    Proper Dih.  Improper Dih.      CMAP Dih.
    4.07087e+03    1.20648e+04    1.33391e+04    6.86363e+02   -3.71166e+02
          LJ-14     Coulomb-14        LJ (SR)   Coulomb (SR)   Coul. recip.
    3.88992e+03    6.09834e+04    3.54704e+04   -5.76454e+05    1.82282e+03
 Position Rest.      Potential    Kinetic En.   Total Energy  Conserved En.
    1.19310e+03   -4.43304e+05    9.32683e+04   -3.50036e+05   -4.30729e+05
    Temperature Pressure (bar)   Constr. rmsd
    2.99176e+02   -8.85177e+02    3.32859e-06

           Step           Time
          40500       81.00000

   Energies (kJ/mol)
           Bond            U-B    Proper Dih.  Improper Dih.      CMAP Dih.
    4.14335e+03    1.19649e+04    1.34024e+04    7.07696e+02   -4.08421e+02
          LJ-14     Coulomb-14        LJ (SR)   Coulomb (SR)   Coul. recip.
    3.97070e+03    6.08906e+04    3.52817e+04   -5.76166e+05    1.79873e+03
 Position Rest.      Potential    Kinetic En.   Total Energy  Conserved En.
    1.19350e+03   -4.43220e+05    9.30754e+04   -3.50145e+05   -4.30734e+05
    Temperature Pressure (bar)   Constr. rmsd
    2.98557e+02   -2.13815e+02    3.02638e-06

           Step           Time
          41000       82.00000

   Energies (kJ/mol)
           Bond            U-B    Proper Dih.  Improper Dih.      CMAP Dih.
    4.01332e+03    1.20311e+04    1.34039e+04    7.30600e+02   -4.29373e+02
          LJ-14     Coulomb-14        LJ (SR)   Coulomb (SR)   Coul. recip.
    3.86570e+03    6.12239e+04    3.57197e+04   -5.75737e+05    1.80840e+03
 Position Rest.      Potential    Kinetic En.   Total Energy  Conserved En.
    1.16391e+03   -4.42206e+05    9.30412e+04   -3.49165e+05   -4.30718e+05
    Temperature Pressure (bar)   Constr. rmsd
    2.98448e+02   -4.22657e+02    3.17262e-06

           Step           Time
          41500       83.00000

   Energies (kJ/mol)
           Bond            U-B    Proper Dih.  Improper Dih.      CMAP Dih.
    4.11986e+03    1.18260e+04    1.34783e+04    7.19625e+02   -4.48082e+02
          LJ-14     Coulomb-14        LJ (SR)   Coulomb (SR)   Coul. recip.
    3.95831e+03    6.11975e+04    3.49566e+04   -5.75162e+05    1.77206e+03
 Position Rest.      Potential    Kinetic En.   Total Energy  Conserved En.
    1.19845e+03   -4.42383e+05    9.28291e+04   -3.49554e+05   -4.30734e+05
    Temperature Pressure (bar)   Constr. rmsd
    2.97767e+02   -3.73884e+02    3.13659e-06

           Step           Time
          42000       84.00000

   Energies (kJ/mol)
           Bond            U-B    Proper Dih.  Improper Dih.      CMAP Dih.
    4.02777e+03    1.18331e+04    1.33697e+04    6.64793e+02   -4.28443e+02
          LJ-14     Coulomb-14        LJ (SR)   Coulomb (SR)   Coul. recip.
    3.91797e+03    6.12779e+04    3.40809e+04   -5.74870e+05    1.85120e+03
 Position Rest.      Potential    Kinetic En.   Total Energy  Conserved En.
    1.19975e+03   -4.43075e+05    9.30531e+04   -3.50022e+05   -4.30736e+05
    Temperature Pressure (bar)   Constr. rmsd
    2.98486e+02   -8.77568e+02    3.10194e-06

           Step           Time
          42500       85.00000

   Energies (kJ/mol)
           Bond            U-B    Proper Dih.  Improper Dih.      CMAP Dih.
    4.17768e+03    1.16773e+04    1.34634e+04    6.66821e+02   -3.93722e+02
          LJ-14     Coulomb-14        LJ (SR)   Coulomb (SR)   Coul. recip.
    3.90062e+03    6.08879e+04    3.51888e+04   -5.75882e+05    1.91226e+03
 Position Rest.      Potential    Kinetic En.   Total Energy  Conserved En.
    1.22767e+03   -4.43174e+05    9.24978e+04   -3.50676e+05   -4.30734e+05
    Temperature Pressure (bar)   Constr. rmsd
    2.96704e+02    4.83045e+02    3.10695e-06

           Step           Time
          43000       86.00000

   Energies (kJ/mol)
           Bond            U-B    Proper Dih.  Improper Dih.      CMAP Dih.
    4.27857e+03    1.17697e+04    1.34415e+04    6.55378e+02   -4.17243e+02
          LJ-14     Coulomb-14        LJ (SR)   Coulomb (SR)   Coul. recip.
    3.82350e+03    6.09089e+04    3.54358e+04   -5.76450e+05    1.79366e+03
 Position Rest.      Potential    Kinetic En.   Total Energy  Conserved En.
    1.13411e+03   -4.43626e+05    9.21706e+04   -3.51455e+05   -4.30705e+05
    Temperature Pressure (bar)   Constr. rmsd
    2.95655e+02   -1.42840e+02    2.94394e-06

           Step           Time
          43500       87.00000

   Energies (kJ/mol)
           Bond            U-B    Proper Dih.  Improper Dih.      CMAP Dih.
    4.23144e+03    1.15067e+04    1.32639e+04    6.63896e+02   -3.65982e+02
          LJ-14     Coulomb-14        LJ (SR)   Coulomb (SR)   Coul. recip.
    3.79206e+03    6.13265e+04    3.52782e+04   -5.76872e+05    1.86807e+03
 Position Rest.      Potential    Kinetic En.   Total Energy  Conserved En.
    1.24194e+03   -4.44066e+05    9.30400e+04   -3.51026e+05   -4.30723e+05
    Temperature Pressure (bar)   Constr. rmsd
    2.98443e+02   -6.66846e+02    3.02706e-06

           Step           Time
          44000       88.00000

   Energies (kJ/mol)
           Bond            U-B    Proper Dih.  Improper Dih.      CMAP Dih.
    4.25309e+03    1.17128e+04    1.33281e+04    6.32841e+02   -4.06174e+02
          LJ-14     Coulomb-14        LJ (SR)   Coulomb (SR)   Coul. recip.
    3.90573e+03    6.10732e+04    3.53567e+04   -5.76261e+05    1.84278e+03
 Position Rest.      Potential    Kinetic En.   Total Energy  Conserved En.
    1.22935e+03   -4.43333e+05    9.25938e+04   -3.50739e+05   -4.30709e+05
    Temperature Pressure (bar)   Constr. rmsd
    2.97012e+02   -1.18806e+03    3.12358e-06

           Step           Time
          44500       89.00000

   Energies (kJ/mol)
           Bond            U-B    Proper Dih.  Improper Dih.      CMAP Dih.
    4.22198e+03    1.17853e+04    1.33876e+04    6.76028e+02   -4.27264e+02
          LJ-14     Coulomb-14        LJ (SR)   Coulomb (SR)   Coul. recip.
    3.84619e+03    6.11309e+04    3.52114e+04   -5.76543e+05    1.90523e+03
 Position Rest.      Potential    Kinetic En.   Total Energy  Conserved En.
    1.22207e+03   -4.43584e+05    9.24998e+04   -3.51084e+05   -4.30703e+05
    Temperature Pressure (bar)   Constr. rmsd
    2.96711e+02   -4.34029e+02    3.09897e-06

           Step           Time
          45000       90.00000

   Energies (kJ/mol)
           Bond            U-B    Proper Dih.  Improper Dih.      CMAP Dih.
    4.23359e+03    1.15850e+04    1.32732e+04    7.08174e+02   -3.52271e+02
          LJ-14     Coulomb-14        LJ (SR)   Coulomb (SR)   Coul. recip.
    3.86229e+03    6.11371e+04    3.54149e+04   -5.77168e+05    1.82143e+03
 Position Rest.      Potential    Kinetic En.   Total Energy  Conserved En.
    1.23378e+03   -4.44251e+05    9.25777e+04   -3.51674e+05   -4.30716e+05
    Temperature Pressure (bar)   Constr. rmsd
    2.96961e+02   -4.08582e+02    3.34004e-06

           Step           Time
          45500       91.00000

   Energies (kJ/mol)
           Bond            U-B    Proper Dih.  Improper Dih.      CMAP Dih.
    4.23017e+03    1.19100e+04    1.33035e+04    6.25903e+02   -3.66034e+02
          LJ-14     Coulomb-14        LJ (SR)   Coulomb (SR)   Coul. recip.
    3.76680e+03    6.06486e+04    3.60657e+04   -5.78215e+05    1.87239e+03
 Position Rest.      Potential    Kinetic En.   Total Energy  Conserved En.
    1.19961e+03   -4.44958e+05    9.31570e+04   -3.51801e+05   -4.30718e+05
    Temperature Pressure (bar)   Constr. rmsd
    2.98819e+02   -6.03650e+02    3.32091e-06

           Step           Time
          46000       92.00000

   Energies (kJ/mol)
           Bond            U-B    Proper Dih.  Improper Dih.      CMAP Dih.
    4.00247e+03    1.17773e+04    1.32695e+04    7.67040e+02   -4.08217e+02
          LJ-14     Coulomb-14        LJ (SR)   Coulomb (SR)   Coul. recip.
    3.86713e+03    6.11918e+04    3.61306e+04   -5.77902e+05    1.78482e+03
 Position Rest.      Potential    Kinetic En.   Total Energy  Conserved En.
    1.17148e+03   -4.44348e+05    9.35838e+04   -3.50764e+05   -4.30723e+05
    Temperature Pressure (bar)   Constr. rmsd
    3.00188e+02   -1.99030e+02    3.16438e-06

           Step           Time
          46500       93.00000

   Energies (kJ/mol)
           Bond            U-B    Proper Dih.  Improper Dih.      CMAP Dih.
    4.29274e+03    1.19100e+04    1.33209e+04    6.70770e+02   -3.54699e+02
          LJ-14     Coulomb-14        LJ (SR)   Coulomb (SR)   Coul. recip.
    3.87735e+03    6.10270e+04    3.40649e+04   -5.75250e+05    1.82861e+03
 Position Rest.      Potential    Kinetic En.   Total Energy  Conserved En.
    1.22765e+03   -4.43384e+05    9.26085e+04   -3.50776e+05   -4.30687e+05
    Temperature Pressure (bar)   Constr. rmsd
    2.97060e+02   -1.04341e+03    3.09149e-06

           Step           Time
          47000       94.00000

   Energies (kJ/mol)
           Bond            U-B    Proper Dih.  Improper Dih.      CMAP Dih.
    4.20046e+03    1.21622e+04    1.33120e+04    6.92073e+02   -4.46263e+02
          LJ-14     Coulomb-14        LJ (SR)   Coulomb (SR)   Coul. recip.
    3.87364e+03    6.08625e+04    3.62804e+04   -5.76797e+05    1.83408e+03
 Position Rest.      Potential    Kinetic En.   Total Energy  Conserved En.
    1.20736e+03   -4.42819e+05    9.26233e+04   -3.50195e+05   -4.30671e+05
    Temperature Pressure (bar)   Constr. rmsd
    2.97107e+02   -1.94699e+02    3.13652e-06

           Step           Time
          47500       95.00000

   Energies (kJ/mol)
           Bond            U-B    Proper Dih.  Improper Dih.      CMAP Dih.
    4.29663e+03    1.20629e+04    1.34032e+04    7.10219e+02   -4.40066e+02
          LJ-14     Coulomb-14        LJ (SR)   Coulomb (SR)   Coul. recip.
    3.82481e+03    6.07666e+04    3.59259e+04   -5.76755e+05    1.91905e+03
 Position Rest.      Potential    Kinetic En.   Total Energy  Conserved En.
    1.19419e+03   -4.43091e+05    9.25744e+04   -3.50517e+05   -4.30683e+05
    Temperature Pressure (bar)   Constr. rmsd
    2.96950e+02   -6.02634e+02    2.88365e-06

           Step           Time
          48000       96.00000

   Energies (kJ/mol)
           Bond            U-B    Proper Dih.  Improper Dih.      CMAP Dih.
    3.95776e+03    1.19115e+04    1.34313e+04    7.00550e+02   -4.00577e+02
          LJ-14     Coulomb-14        LJ (SR)   Coulomb (SR)   Coul. recip.
    3.91225e+03    6.12022e+04    3.60835e+04   -5.77180e+05    1.84794e+03
 Position Rest.      Potential    Kinetic En.   Total Energy  Conserved En.
    1.18435e+03   -4.43350e+05    9.33597e+04   -3.49990e+05   -4.30696e+05
    Temperature Pressure (bar)   Constr. rmsd
    2.99469e+02   -4.56490e+02    3.00085e-06

           Step           Time
          48500       97.00000

   Energies (kJ/mol)
           Bond            U-B    Proper Dih.  Improper Dih.      CMAP Dih.
    4.14384e+03    1.16521e+04    1.34221e+04    7.53433e+02   -4.24505e+02
          LJ-14     Coulomb-14        LJ (SR)   Coulomb (SR)   Coul. recip.
    3.94178e+03    6.10321e+04    3.55131e+04   -5.76450e+05    1.79034e+03
 Position Rest.      Potential    Kinetic En.   Total Energy  Conserved En.
    1.27854e+03   -4.43347e+05    9.25466e+04   -3.50801e+05   -4.30683e+05
    Temperature Pressure (bar)   Constr. rmsd
    2.96861e+02   -6.86377e+02    3.04792e-06

           Step           Time
          49000       98.00000

   Energies (kJ/mol)
           Bond            U-B    Proper Dih.  Improper Dih.      CMAP Dih.
    4.23900e+03    1.18301e+04    1.34844e+04    6.62091e+02   -3.77616e+02
          LJ-14     Coulomb-14        LJ (SR)   Coulomb (SR)   Coul. recip.
    3.91593e+03    6.10361e+04    3.54886e+04   -5.76689e+05    1.82325e+03
 Position Rest.      Potential    Kinetic En.   Total Energy  Conserved En.
    1.15777e+03   -4.43430e+05    9.28846e+04   -3.50545e+05   -4.30651e+05
    Temperature Pressure (bar)   Constr. rmsd
    2.97945e+02   -4.34003e+02    2.97981e-06

           Step           Time
          49500       99.00000

   Energies (kJ/mol)
           Bond            U-B    Proper Dih.  Improper Dih.      CMAP Dih.
    4.29696e+03    1.19649e+04    1.32840e+04    6.43928e+02   -4.40959e+02
          LJ-14     Coulomb-14        LJ (SR)   Coulomb (SR)   Coul. recip.
    3.91334e+03    6.10786e+04    3.44869e+04   -5.75877e+05    1.87446e+03
 Position Rest.      Potential    Kinetic En.   Total Energy  Conserved En.
    1.25941e+03   -4.43515e+05    9.37139e+04   -3.49801e+05   -4.30682e+05
    Temperature Pressure (bar)   Constr. rmsd
    3.00605e+02   -5.86378e+02    3.21393e-06

           Step           Time
          50000      100.00000

Writing checkpoint, step 50000 at Sat May  2 04:43:13 2026


   Energies (kJ/mol)
           Bond            U-B    Proper Dih.  Improper Dih.      CMAP Dih.
    4.12014e+03    1.17264e+04    1.33719e+04    6.79094e+02   -4.22019e+02
          LJ-14     Coulomb-14        LJ (SR)   Coulomb (SR)   Coul. recip.
    3.93603e+03    6.11101e+04    3.44544e+04   -5.75879e+05    1.91417e+03
 Position Rest.      Potential    Kinetic En.   Total Energy  Conserved En.
    1.13663e+03   -4.43852e+05    9.34290e+04   -3.50423e+05   -4.30680e+05
    Temperature Pressure (bar)   Constr. rmsd
    2.99691e+02   -7.74550e+02    3.13984e-06


Energy conservation over simulation part #1 of length 100 ps, time 0 to 100 ps
  Conserved energy drift: 3.95e-04 kJ/mol/ps per atom


	<======  ###############  ==>
	<====  A V E R A G E S  ====>
	<==  ###############  ======>

	Statistics over 50001 steps using 501 frames

   Energies (kJ/mol)
           Bond            U-B    Proper Dih.  Improper Dih.      CMAP Dih.
    4.09122e+03    1.17382e+04    1.33557e+04    6.74532e+02   -4.13352e+02
          LJ-14     Coulomb-14        LJ (SR)   Coulomb (SR)   Coul. recip.
    3.90037e+03    6.10702e+04    3.57162e+04   -5.78086e+05    1.83555e+03
 Position Rest.      Potential    Kinetic En.   Total Energy  Conserved En.
    1.18554e+03   -4.44932e+05    9.20463e+04   -3.52886e+05   -4.30856e+05
    Temperature Pressure (bar)   Constr. rmsd
    2.95256e+02   -5.93892e+02    0.00000e+00

   Total Virial (kJ/mol)
    3.70672e+04    1.45178e+02   -6.61380e+02
    1.44953e+02    3.72212e+04    1.21648e+01
   -6.61174e+02    1.24440e+01    3.71839e+04

   Pressure (bar)
   -5.84081e+02   -7.98739e+00    6.25301e+01
   -7.96673e+00   -6.01228e+02   -1.55979e+00
    6.25113e+01   -1.58539e+00   -5.96365e+02


	M E G A - F L O P S   A C C O U N T I N G

 NB=Group-cutoff nonbonded kernels    NxN=N-by-N cluster Verlet kernels
 RF=Reaction-Field  VdW=Van der Waals  QSTab=quadratic-spline table
 W3=SPC/TIP3p  W4=TIP4p (single or pairs)
 V&F=Potential and force  V=Potential only  F=Force only

 Computing:                               M-Number         M-Flops  % Flops
-----------------------------------------------------------------------------
 Pair Search distance check           10198.401804       91785.616     0.1
 NxN QSTab Elec. + LJ [F]           1392565.140384    73805952.440    92.7
 NxN QSTab Elec. + LJ [V&F]           14094.604488     1141662.964     1.4
 NxN QSTab Elec. [F]                  26776.163568      910389.561     1.1
 NxN QSTab Elec. [V&F]                  271.437288       11128.929     0.0
 1,4 nonbonded interactions             674.463489       60701.714     0.1
 Calc Weights                          5434.158681      195629.713     0.2
 Spread Q Bspline                    115928.718528      231857.437     0.3
 Gather F Bspline                    115928.718528      695572.311     0.9
 3D-FFT                              240463.009164     1923704.073     2.4
 Solve PME                              135.202704        8652.973     0.0
 Reset In Box                            22.678102          68.034     0.0
 CG-CoM                                  22.714329          68.143     0.0
 Bonds                                  129.952599        7667.203     0.0
 Propers                                671.513430      153776.575     0.2
 Impropers                               41.350827        8600.972     0.0
 Pos. Restr.                            127.152543        6357.627     0.0
 Virial                                  18.172272         327.101     0.0
 Stop-CM                                 18.185954         181.860     0.0
 Calc-Ekin                               36.299454         980.085     0.0
 Lincs                                  127.407644        7644.459     0.0
 Lincs-Mat                              687.641256        2750.565     0.0
 Constraint-V                          1811.872472       16306.852     0.0
 Constraint-Vir                          16.877688         405.065     0.0
 Settle                                 519.031140      192041.522     0.2
 CMAP                                    15.700314       26690.534     0.0
 Urey-Bradley                           467.559351       85563.361     0.1
-----------------------------------------------------------------------------
 Total                                                79586467.690   100.0
-----------------------------------------------------------------------------


    D O M A I N   D E C O M P O S I T I O N   S T A T I S T I C S

 av. #atoms communicated per step for force:  2 x 0.0
 av. #atoms communicated per step for LINCS:  2 x 0.0


      R E A L   C Y C L E   A N D   T I M E   A C C O U N T I N G

On 1 MPI rank, each using 8 OpenMP threads

 Activity:              Num   Num      Call    Wall time         Giga-Cycles
                        Ranks Threads  Count      (s)         total sum    %
--------------------------------------------------------------------------------
 Domain decomp.            1    8        626       5.431        135.220   0.3
 Neighbor search           1    8        626      14.191        353.300   0.8
 Force                     1    8      50001    1235.775      30766.540  72.9
 PME mesh                  1    8      50001     277.991       6921.023  16.4
 NB X/F buffer ops.        1    8      99376      81.131       2019.890   4.8
 Write traj.               1    8        102       0.880         21.906   0.1
 Update                    1    8      50001      37.589        935.838   2.2
 Constraints               1    8      50003      39.925        993.995   2.4
 Rest                                              2.310         57.508   0.1
--------------------------------------------------------------------------------
 Total                                          1695.223      42205.219 100.0
--------------------------------------------------------------------------------
 Breakdown of PME mesh activities
--------------------------------------------------------------------------------
 PME spread                1    8      50001     113.216       2818.699   6.7
 PME gather                1    8      50001      91.041       2266.609   5.4
 PME 3D-FFT                1    8     100002      61.648       1534.826   3.6
 PME solve Elec            1    8      50001       3.071         76.463   0.2
--------------------------------------------------------------------------------

               Core t (s)   Wall t (s)        (%)
       Time:    13561.714     1695.223      800.0
                 (ns/day)    (hour/ns)
Performance:        5.097        4.709
Finished mdrun on rank 0 Sat May  2 04:43:13 2026

